2021-02-14 17:35:26 INFO  Trend API:13 - LoginPage login
2021-02-14 17:36:20 INFO  Trend API:13 - LoginPage login
2021-02-14 17:57:41 INFO  Trend API:13 - LoginPage login
2021-02-14 17:59:00 INFO  Trend API:13 - LoginPage login
2021-02-14 18:00:03 INFO  Trend API:13 - LoginPage login
2021-02-14 18:09:40 INFO  Trend API:13 - LoginPage login
2021-02-14 18:10:49 INFO  Trend API:13 - LoginPage login
2021-02-14 18:12:35 INFO  Trend API:13 - LoginPage login
2021-02-14 18:14:36 INFO  Trend API:13 - LoginPage login
2021-02-14 21:02:12 INFO  Trend API:13 - LoginPage login
2021-02-14 21:03:15 INFO  Trend API:13 - LoginPage login
2021-02-14 21:28:41 INFO  Trend API:13 - LoginPage login
2021-02-14 23:05:48 INFO  Trend API:14 - HomePage succes control
2021-02-14 23:05:48 INFO  Trend API:17 - LoginPage login
2021-02-14 23:30:51 INFO  Trend API:14 - HomePage succes control
2021-02-14 23:30:51 INFO  Trend API:17 - LoginPage login
2021-02-15 00:09:47 INFO  Trend API:14 - HomePage succes control
2021-02-15 00:09:47 INFO  Trend API:17 - LoginPage login
2021-02-15 00:12:23 INFO  Trend API:14 - HomePage succes control
2021-02-15 00:12:23 INFO  Trend API:17 - LoginPage login
2021-02-18 08:37:05 INFO  Trend API:14 - HomePage succes control
2021-02-18 10:06:21 INFO  Trend API:15 - HomePage succes control
2021-02-18 10:06:21 INFO  Trend API:19 - SearchPage Bilgisayar search
2021-02-18 10:08:51 INFO  Trend API:15 - HomePage succes control
2021-02-18 10:08:51 INFO  Trend API:19 - KadinPage kadin-giyim click
2021-02-18 10:11:55 INFO  Trend API:15 - HomePage succes control
2021-02-18 10:11:55 INFO  Trend API:19 - KadinPage kadin-giyim click
2021-02-18 10:15:10 INFO  Trend API:15 - HomePage succes control
2021-02-18 10:15:10 INFO  Trend API:19 - KadinPage kadin-giyim click
2021-02-18 10:16:08 INFO  Trend API:15 - HomePage succes control
2021-02-18 10:16:08 INFO  Trend API:19 - KadinPage kadin-giyim click
2021-02-18 10:18:44 INFO  Trend API:15 - HomePage succes control
2021-02-18 10:18:44 INFO  Trend API:19 - KadinPage kadin-giyim click
2021-02-18 10:20:22 INFO  Trend API:15 - HomePage succes control
2021-02-18 10:20:22 INFO  Trend API:19 - KadinPage kadin-giyim click
2021-02-18 10:24:09 INFO  Trend API:15 - HomePage succes control
2021-02-18 10:24:09 INFO  Trend API:19 - KadinPage kadin-giyim click
2021-02-18 10:28:31 INFO  Trend API:15 - HomePage succes control
2021-02-18 10:28:31 INFO  Trend API:19 - KadinPage kadin-giyim click
2021-02-18 10:42:54 INFO  Trend API:16 - HomePage succes control
2021-02-18 10:42:54 INFO  Trend API:20 - KadinPage kadin-giyim click
2021-02-18 10:42:57 INFO  Trend API:24 - ProductPage price compare
2021-02-18 10:44:03 INFO  Trend API:16 - HomePage succes control
2021-02-18 10:44:03 INFO  Trend API:20 - KadinPage kadin-giyim click
2021-02-18 10:44:05 INFO  Trend API:24 - ProductPage price compare
2021-02-18 10:46:10 INFO  Trend API:16 - HomePage succes control
2021-02-18 10:46:10 INFO  Trend API:20 - KadinPage kadin-giyim click
2021-02-18 10:46:15 INFO  Trend API:24 - ProductPage price compare
2021-02-18 10:56:12 INFO  Trend API:16 - HomePage succes control
2021-02-18 10:56:12 INFO  Trend API:20 - KadinPage kadin-giyim click
2021-02-18 10:57:38 INFO  Trend API:16 - HomePage succes control
2021-02-18 10:57:38 INFO  Trend API:20 - KadinPage kadin-giyim click
2021-02-18 11:02:24 INFO  Trend API:16 - HomePage succes control
2021-02-18 11:02:24 INFO  Trend API:20 - KadinPage kadin-giyim click
2021-02-18 11:02:27 INFO  Trend API:24 - ProductPage price compare
2021-02-18 11:05:09 INFO  Trend API:16 - HomePage succes control
2021-02-18 11:05:09 INFO  Trend API:20 - KadinPage kadin-giyim click
2021-02-18 11:07:50 INFO  Trend API:16 - HomePage succes control
2021-02-18 11:07:50 INFO  Trend API:20 - KadinPage kadin-giyim click
2021-02-18 11:09:29 INFO  Trend API:16 - HomePage succes control
2021-02-18 11:09:29 INFO  Trend API:20 - KadinPage kadin-giyim click
2021-02-18 11:12:06 INFO  Trend API:16 - HomePage succes control
2021-02-18 11:12:06 INFO  Trend API:20 - KadinPage kadin-giyim click
2021-02-18 11:13:31 INFO  Trend API:16 - HomePage succes control
2021-02-18 11:13:31 INFO  Trend API:20 - KadinPage kadin-giyim click
2021-02-18 11:15:35 INFO  Trend API:16 - HomePage succes control
2021-02-18 11:15:35 INFO  Trend API:20 - KadinPage kadin-giyim click
2021-02-18 11:20:06 INFO  Trend API:16 - HomePage succes control
2021-02-18 11:20:06 INFO  Trend API:20 - KadinPage kadin-giyim click
2021-02-18 11:25:19 INFO  Trend API:16 - HomePage succes control
2021-02-18 11:25:19 INFO  Trend API:20 - KadinPage kadin-giyim click
2021-02-18 11:25:27 INFO  Trend API:24 - ProductPage price compare
2021-02-18 11:38:17 INFO  Trend API:16 - HomePage succes control
2021-02-18 11:38:17 INFO  Trend API:20 - KadinPage kadin-giyim click
2021-02-18 11:38:22 INFO  Trend API:24 - ProductPage price compare
2021-02-18 11:39:09 INFO  Trend API:16 - HomePage succes control
2021-02-18 11:39:09 INFO  Trend API:20 - KadinPage kadin-giyim click
2021-02-18 11:39:13 INFO  Trend API:24 - ProductPage price compare
2021-02-18 11:39:56 INFO  Trend API:16 - HomePage succes control
2021-02-18 11:39:56 INFO  Trend API:20 - KadinPage kadin-giyim click
2021-02-18 11:40:08 INFO  Trend API:24 - ProductPage price compare
2021-02-18 11:43:22 INFO  Trend API:16 - HomePage succes control
2021-02-18 11:43:22 INFO  Trend API:20 - KadinPage kadin-giyim click
2021-02-18 11:43:27 INFO  Trend API:24 - ProductPage price compare
2021-02-18 11:45:51 INFO  Trend API:16 - HomePage succes control
2021-02-18 11:45:51 INFO  Trend API:20 - KadinPage kadin-giyim click
2021-02-18 11:45:57 INFO  Trend API:24 - ProductPage price compare
2021-02-18 11:48:33 INFO  Trend API:16 - HomePage succes control
2021-02-18 11:48:33 INFO  Trend API:20 - KadinPage kadin-giyim click
2021-02-18 11:48:36 INFO  Trend API:24 - ProductPage price compare
2021-02-18 11:52:32 INFO  Trend API:16 - HomePage succes control
2021-02-18 11:52:32 INFO  Trend API:20 - KadinPage kadin-giyim click
2021-02-18 11:52:35 INFO  Trend API:24 - ProductPage price compare
2021-02-18 12:02:16 INFO  Trend API:16 - HomePage succes control
2021-02-18 12:02:16 INFO  Trend API:20 - KadinPage kadin-giyim click
2021-02-18 12:02:20 INFO  Trend API:24 - ProductPage price compare
2021-02-18 12:15:42 INFO  Trend API:16 - HomePage succes control
2021-02-18 12:15:42 INFO  Trend API:20 - KadinPage kadin-giyim click
2021-02-18 12:15:45 INFO  Trend API:24 - ProductPage price compare
2021-02-18 12:16:47 INFO  Trend API:16 - HomePage succes control
2021-02-18 12:16:47 INFO  Trend API:20 - KadinPage kadin-giyim click
2021-02-18 12:16:50 INFO  Trend API:24 - ProductPage price compare
2021-02-18 12:33:42 INFO  Trend API:16 - HomePage succes control
2021-02-18 12:33:42 INFO  Trend API:20 - KadinPage kadin-giyim click
2021-02-18 12:33:45 INFO  Trend API:24 - ProductPage price compare
2021-02-18 12:34:57 INFO  Trend API:16 - HomePage succes control
2021-02-18 12:34:57 INFO  Trend API:20 - KadinPage kadin-giyim click
2021-02-18 12:35:00 INFO  Trend API:24 - ProductPage price compare
2021-02-18 19:39:52 INFO  Trend API:16 - HomePage succes control
2021-02-18 19:39:52 INFO  Trend API:20 - KadinPage kadin-giyim click
2021-02-18 19:39:55 INFO  Trend API:24 - ProductPage price compare
2021-02-18 20:10:44 INFO  Trend API:16 - HomePage succes control
2021-02-18 20:10:44 INFO  Trend API:20 - KadinPage kadin-giyim click
2021-02-18 20:10:47 INFO  Trend API:24 - ProductPage price compare
2021-02-18 20:13:58 INFO  Trend API:16 - HomePage succes control
2021-02-18 20:13:58 INFO  Trend API:20 - KadinPage kadin-giyim click
2021-02-18 20:14:00 INFO  Trend API:24 - ProductPage price compare
2021-02-18 20:15:16 INFO  Trend API:16 - HomePage succes control
2021-02-18 20:15:16 INFO  Trend API:20 - KadinPage kadin-giyim click
2021-02-18 20:15:19 INFO  Trend API:24 - ProductPage price compare
2021-02-18 20:16:28 INFO  Trend API:16 - HomePage succes control
2021-02-18 20:16:28 INFO  Trend API:20 - KadinPage kadin-giyim click
2021-02-18 20:16:30 INFO  Trend API:24 - ProductPage price compare
2021-02-18 20:18:11 INFO  Trend API:16 - HomePage succes control
2021-02-18 20:18:11 INFO  Trend API:20 - KadinPage kadin-giyim click
2021-02-18 20:18:14 INFO  Trend API:24 - ProductPage price compare
2021-02-18 20:19:17 INFO  Trend API:16 - HomePage succes control
2021-02-18 20:19:17 INFO  Trend API:20 - KadinPage kadin-giyim click
2021-02-18 20:19:20 INFO  Trend API:24 - ProductPage price compare
2021-02-18 20:27:30 INFO  Trend API:16 - HomePage succes control
2021-02-18 20:27:30 INFO  Trend API:20 - KadinPage kadin-giyim click
2021-02-18 20:27:34 INFO  Trend API:24 - ProductPage price compare
2021-02-18 20:30:55 INFO  Trend API:16 - HomePage succes control
2021-02-18 20:30:55 INFO  Trend API:20 - KadinPage kadin-giyim click
2021-02-18 20:30:59 INFO  Trend API:24 - ProductPage price compare
2021-02-18 20:31:46 INFO  Trend API:16 - HomePage succes control
2021-02-18 20:31:46 INFO  Trend API:20 - KadinPage kadin-giyim click
2021-02-18 20:31:49 INFO  Trend API:24 - ProductPage price compare
2021-02-18 20:32:54 INFO  Trend API:16 - HomePage succes control
2021-02-18 20:32:54 INFO  Trend API:20 - KadinPage kadin-giyim click
2021-02-18 20:32:57 INFO  Trend API:24 - ProductPage price compare
2021-02-18 20:33:52 INFO  Trend API:16 - HomePage succes control
2021-02-18 20:33:52 INFO  Trend API:20 - KadinPage kadin-giyim click
2021-02-18 20:33:54 INFO  Trend API:24 - ProductPage price compare
2021-02-18 20:42:38 INFO  Trend API:16 - HomePage succes control
2021-02-18 20:42:38 INFO  Trend API:20 - KadinPage kadin-giyim click
2021-02-18 20:42:42 INFO  Trend API:24 - ProductPage price compare
2021-02-18 20:50:28 INFO  Trend API:16 - HomePage succes control
2021-02-18 20:50:29 INFO  Trend API:20 - KadinPage kadin-giyim click
2021-02-18 20:50:32 INFO  Trend API:24 - ProductPage price compare
2021-02-18 20:51:22 INFO  Trend API:16 - HomePage succes control
2021-02-18 20:51:22 INFO  Trend API:20 - KadinPage kadin-giyim click
2021-02-18 20:51:26 INFO  Trend API:24 - ProductPage price compare
2021-02-18 21:07:30 INFO  Trend API:16 - HomePage succes control
2021-02-18 21:07:30 INFO  Trend API:20 - KadinPage kadin-giyim click
2021-02-18 21:07:33 INFO  Trend API:24 - ProductPage price compare
2021-02-18 21:07:40 INFO  Trend API:26 - ProductPage price write text
2021-02-19 00:40:39 INFO  Trend API:16 - HomePage succes control
2021-02-19 00:40:39 INFO  Trend API:20 - KadinPage kadin-giyim click
2021-02-19 00:40:42 INFO  Trend API:24 - ProductPage price compare
2021-02-19 00:40:48 INFO  Trend API:26 - ProductPage price write text
2021-02-19 00:44:46 INFO  Trend API:16 - HomePage succes control
2021-02-19 00:44:46 INFO  Trend API:20 - KadinPage kadin-giyim click
2021-02-19 00:44:48 INFO  Trend API:24 - ProductPage price compare
2021-02-19 00:44:54 INFO  Trend API:26 - ProductPage price write text
